Downloading readme:   0%|          | 0.00/18.4k [00:00<?, ?B/s]Downloading readme: 100%|██████████| 18.4k/18.4k [00:00<00:00, 148kB/s]Downloading readme: 100%|██████████| 18.4k/18.4k [00:00<00:00, 145kB/s]
Traceback (most recent call last):
  File "<stdin>", line 25, in <module>
  File "/home/fr/fr_fr/fr_aa533/.conda/envs/orbis_env/lib/python3.10/site-packages/datasets/load.py", line 2606, in load_dataset
    builder_instance = load_dataset_builder(
  File "/home/fr/fr_fr/fr_aa533/.conda/envs/orbis_env/lib/python3.10/site-packages/datasets/load.py", line 2277, in load_dataset_builder
    dataset_module = dataset_module_factory(
  File "/home/fr/fr_fr/fr_aa533/.conda/envs/orbis_env/lib/python3.10/site-packages/datasets/load.py", line 1923, in dataset_module_factory
    raise e1 from None
  File "/home/fr/fr_fr/fr_aa533/.conda/envs/orbis_env/lib/python3.10/site-packages/datasets/load.py", line 1905, in dataset_module_factory
    ).get_module()
  File "/home/fr/fr_fr/fr_aa533/.conda/envs/orbis_env/lib/python3.10/site-packages/datasets/load.py", line 1257, in get_module
    {
  File "/home/fr/fr_fr/fr_aa533/.conda/envs/orbis_env/lib/python3.10/site-packages/datasets/load.py", line 1258, in <dictcomp>
    config_name: DatasetInfo.from_dict(exported_dataset_infos[config_name])
  File "/home/fr/fr_fr/fr_aa533/.conda/envs/orbis_env/lib/python3.10/site-packages/datasets/info.py", line 362, in from_dict
    return cls(**{k: v for k, v in dataset_info_dict.items() if k in field_names})
  File "<string>", line 21, in __init__
  File "/home/fr/fr_fr/fr_aa533/.conda/envs/orbis_env/lib/python3.10/site-packages/datasets/info.py", line 175, in __post_init__
    self.features = Features.from_dict(self.features)
  File "/home/fr/fr_fr/fr_aa533/.conda/envs/orbis_env/lib/python3.10/site-packages/datasets/features/features.py", line 1826, in from_dict
    obj = generate_from_dict(dic)
  File "/home/fr/fr_fr/fr_aa533/.conda/envs/orbis_env/lib/python3.10/site-packages/datasets/features/features.py", line 1452, in generate_from_dict
    return {key: generate_from_dict(value) for key, value in obj.items()}
  File "/home/fr/fr_fr/fr_aa533/.conda/envs/orbis_env/lib/python3.10/site-packages/datasets/features/features.py", line 1452, in <dictcomp>
    return {key: generate_from_dict(value) for key, value in obj.items()}
  File "/home/fr/fr_fr/fr_aa533/.conda/envs/orbis_env/lib/python3.10/site-packages/datasets/features/features.py", line 1458, in generate_from_dict
    raise ValueError(f"Feature type '{_type}' not found. Available feature types: {list(_FEATURE_TYPES.keys())}")
ValueError: Feature type 'Video' not found. Available feature types: ['Value', 'ClassLabel', 'Translation', 'TranslationVariableLanguages', 'LargeList', 'Sequence', 'Array2D', 'Array3D', 'Array4D', 'Array5D', 'Audio', 'Image']
