=== Starting SLURM Job on dev_gpu_h100 ===
Node: uc3n082.localdomain
Job ID: 2356860
Python = /home/fr/fr_fr/fr_aa533/.conda/envs/orbis_env/bin/python
Torch CUDA available?:
True
Sat Nov 29 03:19:44 2025       
+-----------------------------------------------------------------------------------------+
| NVIDIA-SMI 570.195.03             Driver Version: 570.195.03     CUDA Version: 12.8     |
|-----------------------------------------+------------------------+----------------------+
| GPU  Name                 Persistence-M | Bus-Id          Disp.A | Volatile Uncorr. ECC |
| Fan  Temp   Perf          Pwr:Usage/Cap |           Memory-Usage | GPU-Util  Compute M. |
|                                         |                        |               MIG M. |
|=========================================+========================+======================|
|   0  NVIDIA H100                    On  |   00000000:26:00.0 Off |                    0 |
| N/A   45C    P0             71W /  415W |      27MiB /  95830MiB |      0%      Default |
|                                         |                        |             Disabled |
+-----------------------------------------+------------------------+----------------------+
                                                                                         
+-----------------------------------------------------------------------------------------+
| Processes:                                                                              |
|  GPU   GI   CI              PID   Type   Process name                        GPU Memory |
|        ID   ID                                                               Usage      |
|=========================================================================================|
|    0   N/A  N/A            3655      G   /usr/libexec/Xorg                        17MiB |
+-----------------------------------------------------------------------------------------+
[Warning] Fused window process have not been installed. Please refer to get_started.md for installation.
Using device: cuda
[DEBUG] Initializing CoVLAOrbisMultiFrame...
[DEBUG] Loading dataset from HuggingFace (non-streaming)...
=== Job Finished ===

============================= JOB FEEDBACK =============================

NodeName=uc3n082
Job ID: 2356860
Cluster: uc3
User/Group: fr_aa533/fr_fr
State: COMPLETED (exit code 0)
Nodes: 1
Cores per node: 4
CPU Utilized: 00:00:18
CPU Efficiency: 8.65% of 00:03:28 core-walltime
Job Wall-clock time: 00:00:52
Memory Utilized: 824.74 MB
Memory Efficiency: 1.68% of 48.00 GB (48.00 GB/node)
