=== Starting SLURM Job on lmbhiwi_gpu-rtx2080 ===
Node: dagobert
Job ID: 26971717
Python = /work/dlclarge2/alidemaa-text-control-orbis/miniconda3/envs/orbis_env/bin/python
Torch CUDA available?:
True
Wed Dec 10 06:04:30 2025       
+-----------------------------------------------------------------------------------------+
| NVIDIA-SMI 570.133.20             Driver Version: 570.133.20     CUDA Version: 12.8     |
|-----------------------------------------+------------------------+----------------------+
| GPU  Name                 Persistence-M | Bus-Id          Disp.A | Volatile Uncorr. ECC |
| Fan  Temp   Perf          Pwr:Usage/Cap |           Memory-Usage | GPU-Util  Compute M. |
|                                         |                        |               MIG M. |
|=========================================+========================+======================|
|   0  NVIDIA GeForce RTX 2080 Ti     On  |   00000000:1A:00.0 Off |                  N/A |
| 22%   33C    P8             16W /  250W |       1MiB /  11264MiB |      0%      Default |
|                                         |                        |                  N/A |
+-----------------------------------------+------------------------+----------------------+
|   1  NVIDIA GeForce RTX 2080 Ti     On  |   00000000:B2:00.0 Off |                  N/A |
| 22%   32C    P8             53W /  250W |       1MiB /  11264MiB |      0%      Default |
|                                         |                        |                  N/A |
+-----------------------------------------+------------------------+----------------------+
                                                                                         
+-----------------------------------------------------------------------------------------+
| Processes:                                                                              |
|  GPU   GI   CI              PID   Type   Process name                        GPU Memory |
|        ID   ID                                                               Usage      |
|=========================================================================================|
|  No running processes found                                                             |
+-----------------------------------------------------------------------------------------+
Using device: cuda
Loading FM config from: /work/dlclarge2/alidemaa-text-control-orbis/orbis/finetuning/fm_finetune_covla_modelif.yaml
[FM CONFIG] Overriding tokenizer_config with local paths:
  folder    = /work/dlclarge2/alidemaa-text-control-orbis/orbis/logs_tk/tokenizer_192x336
  ckpt_path = checkpoints/epoch-26_rfid_8_9.ckpt
Train dataset target from YAML: data.covla_dataset.CoVLAOrbisMultiFrame
Validation dataset target from YAML: data.covla_dataset.CoVLAOrbisMultiFrame
YAML data params (train / CoVLA):
  size            = [192, 336]
  num_frames      = 6
  stored_rate     = 20
  target_rate     = 5
  captions_dir    = /work/dlclarge2/alidemaa-text-control-orbis/orbis/data/covla_captions
  videos_dir      = /work/dlclarge2/alidemaa-text-control-orbis/orbis/data/covla_100_videos
YAML data params (val / CoVLA):
  size            = [192, 336]
  num_frames      = 6
  stored_rate     = 20
  target_rate     = 5
  captions_dir    = /work/dlclarge2/alidemaa-text-control-orbis/orbis/data/covla_captions
  videos_dir      = /work/dlclarge2/alidemaa-text-control-orbis/orbis/data/covla_20_validation

[FM CONFIG] Using Stage2 FM checkpoint:
  ORBIT_CKPT = /work/dlclarge2/alidemaa-text-control-orbis/orbis/logs_wm/orbis_288x512/checkpoints/last.ckpt

Text encoder initialized & frozen.

Loading FM world model (Model from fm_model.py)...
[Warning] Fused window process have not been installed. Please refer to get_started.md for installation.
[fm_model] WARNING: Encoder does not support 'use_pretrained_weights'. Dropping this flag (it is false / handled by checkpoint).
VQLPIPSWithDiscriminator initialized with hinge loss.
Loaded world model ckpt. Missing keys: 4, unexpected: 0
World model ready (STDiT backbone, tokenizer, noise schedule, sampling).
[CKPT] No existing checkpoint found → starting from scratch
[RUN] Saving samples to: finetuning/samples/26971717
[RUN] TensorBoard logs in: finetuning/runs/26971717

Starting AdaLN fine-tuning using fm_model noise & encoder...

[SAMPLE] Saved finetuning/samples/26971717/sample_before_train.png
[TRAIN] Starting epoch 1/30
DEBUG: first step loss = 0.8946195244789124
[TRAIN] Epoch 1 finished — avg_loss=0.3184
