cpu-bind=MASK - dagobert, task  0  0 [90241]: mask 0xc0000c00 set
/work/dlclarge2/alidemaa-text-control-orbis/miniconda3/envs/orbis_env/lib/python3.10/site-packages/timm/models/layers/__init__.py:48: FutureWarning: Importing from timm.models.layers is deprecated, please import via timm.layers
  warnings.warn(f"Importing from {__name__} is deprecated, please import via timm.layers", FutureWarning)
/work/dlclarge2/alidemaa-text-control-orbis/miniconda3/envs/orbis_env/lib/python3.10/site-packages/torchvision/models/_utils.py:208: UserWarning: The parameter 'pretrained' is deprecated since 0.13 and may be removed in the future, please use 'weights' instead.
  warnings.warn(
/work/dlclarge2/alidemaa-text-control-orbis/miniconda3/envs/orbis_env/lib/python3.10/site-packages/torchvision/models/_utils.py:223: UserWarning: Arguments other than a weight enum or `None` for 'weights' are deprecated since 0.13 and may be removed in the future. The current behavior is equivalent to passing `weights=VGG16_Weights.IMAGENET1K_V1`. You can also use `weights=VGG16_Weights.DEFAULT` to get the most up-to-date weights.
  warnings.warn(msg)
[2025-12-04 19:57:03] [INFO] Loaded pretrained LPIPS loss from .cache/lpips/vgg.pth
[2025-12-04 19:57:05] [INFO] Loading pretrained weights from Hugging Face hub (timm/vit_base_patch14_dinov2.lvd142m)
[2025-12-04 19:57:05] [INFO] [timm/vit_base_patch14_dinov2.lvd142m] Safe alternative available for 'pytorch_model.bin' (as 'model.safetensors'). Loading weights using safetensors.
[2025-12-04 19:57:05] [INFO] Resized position embedding: (37, 37) to (12, 21).
/work/dlclarge2/alidemaa-text-control-orbis/orbis/finetuning/train_text_finetune.py:153: FutureWarning: You are using `torch.load` with `weights_only=False` (the current default value), which uses the default pickle module implicitly. It is possible to construct malicious pickle data which will execute arbitrary code during unpickling (See https://github.com/pytorch/pytorch/blob/main/SECURITY.md#untrusted-models for more details). In a future release, the default value for `weights_only` will be flipped to `True`. This limits the functions that could be executed during unpickling. Arbitrary objects will no longer be allowed to be loaded via this mode unless they are explicitly allowlisted by the user via `torch.serialization.add_safe_globals`. We recommend you start setting `weights_only=True` for any use case where you don't have full control of the loaded file. Please open an issue on GitHub for any issues related to this experimental feature.
  tk = torch.load(TOKENIZER_CKPT, map_location="cpu")
/work/dlclarge2/alidemaa-text-control-orbis/miniconda3/envs/orbis_env/lib/python3.10/site-packages/torch/functional.py:534: UserWarning: torch.meshgrid: in an upcoming release, it will be required to pass the indexing argument. (Triggered internally at /opt/conda/conda-bld/pytorch_1729647352509/work/aten/src/ATen/native/TensorShape.cpp:3595.)
  return _VF.meshgrid(tensors, **kwargs)  # type: ignore[attr-defined]
Traceback (most recent call last):
  File "/work/dlclarge2/alidemaa-text-control-orbis/miniconda3/envs/orbis_env/lib/python3.10/runpy.py", line 196, in _run_module_as_main
    return _run_code(code, main_globals, None,
  File "/work/dlclarge2/alidemaa-text-control-orbis/miniconda3/envs/orbis_env/lib/python3.10/runpy.py", line 86, in _run_code
    exec(code, run_globals)
  File "/work/dlclarge2/alidemaa-text-control-orbis/orbis/finetuning/train_text_finetune.py", line 175, in <module>
    model = STDiT(
  File "/work/dlclarge2/alidemaa-text-control-orbis/orbis/networks/DiT/dit.py", line 633, in __init__
    block.space_attn = SwinAttention(
  File "/work/dlclarge2/alidemaa-text-control-orbis/orbis/networks/swin/swin_free_aspect_ratio.py", line 120, in __init__
    mask_windows = window_partition(img_mask, self.window_size)  # nW, window_size, window_size, 1
  File "/work/dlclarge2/alidemaa-text-control-orbis/orbis/networks/swin/swin_free_aspect_ratio.py", line 56, in window_partition
    x = x.view(B, H // window_size[0], window_size[0], W // window_size[1], window_size[1], C)
RuntimeError: shape '[1, 2, 6, 5, 4, 1]' is invalid for input of size 252
