=== Starting SLURM Job on dev_gpu_h100 ===
Node: uc3n082.localdomain
Job ID: 2356855
Python = /home/fr/fr_fr/fr_aa533/.conda/envs/orbis_env/bin/python
Torch CUDA available?:
True
Sat Nov 29 03:00:52 2025       
+-----------------------------------------------------------------------------------------+
| NVIDIA-SMI 570.195.03             Driver Version: 570.195.03     CUDA Version: 12.8     |
|-----------------------------------------+------------------------+----------------------+
| GPU  Name                 Persistence-M | Bus-Id          Disp.A | Volatile Uncorr. ECC |
| Fan  Temp   Perf          Pwr:Usage/Cap |           Memory-Usage | GPU-Util  Compute M. |
|                                         |                        |               MIG M. |
|=========================================+========================+======================|
|   0  NVIDIA H100                    On  |   00000000:26:00.0 Off |                    0 |
| N/A   45C    P0             70W /  415W |      27MiB /  95830MiB |      0%      Default |
|                                         |                        |             Disabled |
+-----------------------------------------+------------------------+----------------------+
                                                                                         
+-----------------------------------------------------------------------------------------+
| Processes:                                                                              |
|  GPU   GI   CI              PID   Type   Process name                        GPU Memory |
|        ID   ID                                                               Usage      |
|=========================================================================================|
|    0   N/A  N/A            3655      G   /usr/libexec/Xorg                        17MiB |
+-----------------------------------------------------------------------------------------+
[Warning] Fused window process have not been installed. Please refer to get_started.md for installation.
Using device: cuda
[DEBUG] Initializing CoVLAOrbisMultiFrame dataset...
=== Job Finished ===

============================= JOB FEEDBACK =============================

NodeName=uc3n082
Job ID: 2356855
Cluster: uc3
User/Group: fr_aa533/fr_fr
State: COMPLETED (exit code 0)
Nodes: 1
Cores per node: 4
CPU Utilized: 00:05:01
CPU Efficiency: 8.10% of 01:01:56 core-walltime
Job Wall-clock time: 00:15:29
Memory Utilized: 1.30 GB
Memory Efficiency: 2.72% of 48.00 GB (48.00 GB/node)
